Using pre-set license

 COMMAND LINE ARGUMENTS:
/Applications/2019.4.19f1/2020.3.4f1/Unity.app/Contents/MacOS/Unity
-adb2
-batchMode
-noUpm
-name
AssetImportWorker0
-projectPath
/Users/tanyaraghav/Documents/GitHub/Tale-Of-Woodfield/Menu
-logFile
Logs/AssetImportWorker0.log
-srvPort
49827
Successfully changed project path to: /Users/tanyaraghav/Documents/GitHub/Tale-Of-Woodfield/Menu
/Users/tanyaraghav/Documents/GitHub/Tale-Of-Woodfield/Menu
Using Asset Import Pipeline V2.
Refreshing native plugins compatible for Editor in 30.27 ms, found 1 plugins.
Preloading 0 native plugins for Editor in 0.00 ms.
Initialize engine version: 2020.3.4f1 (0abb6314276a)
[Subsystems] Discovering subsystems at path /Applications/2019.4.19f1/2020.3.4f1/Unity.app/Contents/Resources/UnitySubsystems
[Subsystems] Discovering subsystems at path /Users/tanyaraghav/Documents/GitHub/Tale-Of-Woodfield/Menu/Assets
GfxDevice: creating device client; threaded=0
2021-05-02 07:00:57.200 Unity[2161:21660] Color LCD preferred device: Intel(R) Iris(TM) Graphics 6000 (low power)
2021-05-02 07:00:57.200 Unity[2161:21660] Metal devices available: 1
2021-05-02 07:00:57.200 Unity[2161:21660] 0: Intel(R) Iris(TM) Graphics 6000 (low power)
2021-05-02 07:00:57.201 Unity[2161:21660] Using device Intel(R) Iris(TM) Graphics 6000 (low power)
Initializing Metal device caps: Intel(R) Iris(TM) Graphics 6000
Initialize mono
Mono path[0] = '/Applications/2019.4.19f1/2020.3.4f1/Unity.app/Contents/Managed'
Mono path[1] = '/Applications/2019.4.19f1/2020.3.4f1/Unity.app/Contents/MonoBleedingEdge/lib/mono/unityjit'
Mono config path = '/Applications/2019.4.19f1/2020.3.4f1/Unity.app/Contents/MonoBleedingEdge/etc'
Using monoOptions --debugger-agent=transport=dt_socket,embedding=1,server=y,suspend=n,address=127.0.0.1:56161
Begin MonoManager ReloadAssembly
Registering precompiled unity dll's ...
Register platform support module: /Applications/2019.4.19f1/2020.3.4f1/Unity.app/Contents/PlaybackEngines/MacStandaloneSupport/UnityEditor.OSXStandalone.Extensions.dll
Registered in 0.002524 seconds.
Native extension for OSXStandalone target not found
Refreshing native plugins compatible for Editor in 31.80 ms, found 1 plugins.
Preloading 0 native plugins for Editor in 0.00 ms.
Mono: successfully reloaded assembly
- Completed reload, in  2.515 seconds
Platform modules already initialized, skipping
Registering precompiled user dll's ...
Registered in 0.001727 seconds.
Begin MonoManager ReloadAssembly
Native extension for OSXStandalone target not found
Refreshing native plugins compatible for Editor in 0.23 ms, found 1 plugins.
Preloading 0 native plugins for Editor in 0.00 ms.
Mono: successfully reloaded assembly
- Completed reload, in  1.420 seconds
Platform modules already initialized, skipping
========================================================================
Worker process is ready to serve import requests
Launching external process: /Applications/2019.4.19f1/2020.3.4f1/Unity.app/Contents/Tools/UnityShaderCompiler
Launched and connected shader compiler UnityShaderCompiler after 0.05 seconds
Refreshing native plugins compatible for Editor in 0.38 ms, found 1 plugins.
Preloading 0 native plugins for Editor in 0.00 ms.
Unloading 1115 Unused Serialized files (Serialized files now loaded: 0)
System memory in use before: 108.3 MB.
System memory in use after: 108.3 MB.

Unloading 10 unused Assets to reduce memory usage. Loaded Objects now: 1557.
Total: 4.330287 ms (FindLiveObjects: 0.398963 ms CreateObjectMapping: 0.123920 ms MarkObjects: 3.697629 ms  DeleteObjects: 0.107371 ms)

========================================================================
Received Import Request.
  path: Assets/Menu.unity
  artifactKey: Guid(d05d60a7c897747f0a65ac3c0bb766df) Importer(815301076,1909f56bfc062723c751e8b465ee728b)
Start importing Assets/Menu.unity using Guid(d05d60a7c897747f0a65ac3c0bb766df) Importer(815301076,1909f56bfc062723c751e8b465ee728b)  -> (artifact id: '3455a0a7aeaff4681ba74d152eb05347') in 0.028353 seconds
  Import took 0.033854 seconds .

========================================================================
Received Import Request.
  Time since last request: 16.962172 seconds.
  path: Assets/Scenes
  artifactKey: Guid(bf90f5b6d627b454fa27d6f86fd6c278) Importer(815301076,1909f56bfc062723c751e8b465ee728b)
Start importing Assets/Scenes using Guid(bf90f5b6d627b454fa27d6f86fd6c278) Importer(815301076,1909f56bfc062723c751e8b465ee728b)  -> (artifact id: '336a107d50c223237c9fde86661ff90b') in 0.002313 seconds
  Import took 0.006729 seconds .

========================================================================
Received Import Request.
  Time since last request: 134.762354 seconds.
  path: Assets/BG.jpg
  artifactKey: Guid(453cb841b42c04abaa6764395fa6d3d3) Importer(815301076,1909f56bfc062723c751e8b465ee728b)
Start importing Assets/BG.jpg using Guid(453cb841b42c04abaa6764395fa6d3d3) Importer(815301076,1909f56bfc062723c751e8b465ee728b)  -> (artifact id: '6e33295c1149a9b1a59d15867790fa65') in 0.662372 seconds
  Import took 0.667198 seconds .

========================================================================
Received Import Request.
  Time since last request: 26.245535 seconds.
  path: Assets/BG.jpg
  artifactKey: Guid(453cb841b42c04abaa6764395fa6d3d3) Importer(815301076,1909f56bfc062723c751e8b465ee728b)
Start importing Assets/BG.jpg using Guid(453cb841b42c04abaa6764395fa6d3d3) Importer(815301076,1909f56bfc062723c751e8b465ee728b)  -> (artifact id: '7c5a370ffa48c034bc0b19c3c122c301') in 0.098494 seconds
  Import took 0.103357 seconds .

========================================================================
Received Prepare
Registering precompiled user dll's ...
Registered in 0.001191 seconds.
Begin MonoManager ReloadAssembly
Native extension for OSXStandalone target not found
Refreshing native plugins compatible for Editor in 0.94 ms, found 1 plugins.
Preloading 0 native plugins for Editor in 0.00 ms.
Mono: successfully reloaded assembly
- Completed reload, in  1.895 seconds
Platform modules already initialized, skipping
Refreshing native plugins compatible for Editor in 0.36 ms, found 1 plugins.
Preloading 0 native plugins for Editor in 0.00 ms.
Unloading 1157 Unused Serialized files (Serialized files now loaded: 0)
System memory in use before: 119.2 MB.
System memory in use after: 118.6 MB.

Unloading 18 unused Assets to reduce memory usage. Loaded Objects now: 1601.
Total: 3.529933 ms (FindLiveObjects: 0.298864 ms CreateObjectMapping: 0.070640 ms MarkObjects: 2.442652 ms  DeleteObjects: 0.714284 ms)

========================================================================
Received Prepare
Registering precompiled user dll's ...
Registered in 0.000539 seconds.
Begin MonoManager ReloadAssembly
Native extension for OSXStandalone target not found
Refreshing native plugins compatible for Editor in 0.26 ms, found 1 plugins.
Preloading 0 native plugins for Editor in 0.00 ms.
Mono: successfully reloaded assembly
- Completed reload, in  1.458 seconds
Platform modules already initialized, skipping
Refreshing native plugins compatible for Editor in 0.25 ms, found 1 plugins.
Preloading 0 native plugins for Editor in 0.00 ms.
Unloading 1157 Unused Serialized files (Serialized files now loaded: 0)
System memory in use before: 119.4 MB.
System memory in use after: 118.8 MB.

Unloading 18 unused Assets to reduce memory usage. Loaded Objects now: 1604.
Total: 4.236824 ms (FindLiveObjects: 0.162144 ms CreateObjectMapping: 0.041063 ms MarkObjects: 3.108941 ms  DeleteObjects: 0.921088 ms)

========================================================================
Received Prepare
Registering precompiled user dll's ...
Registered in 0.001063 seconds.
Begin MonoManager ReloadAssembly
Native extension for OSXStandalone target not found
Refreshing native plugins compatible for Editor in 0.25 ms, found 1 plugins.
Preloading 0 native plugins for Editor in 0.00 ms.
Mono: successfully reloaded assembly
- Completed reload, in  1.406 seconds
Platform modules already initialized, skipping
Refreshing native plugins compatible for Editor in 0.41 ms, found 1 plugins.
Preloading 0 native plugins for Editor in 0.00 ms.
Unloading 1157 Unused Serialized files (Serialized files now loaded: 0)
System memory in use before: 119.6 MB.
System memory in use after: 119.0 MB.

Unloading 18 unused Assets to reduce memory usage. Loaded Objects now: 1607.
Total: 3.300275 ms (FindLiveObjects: 0.329382 ms CreateObjectMapping: 0.068300 ms MarkObjects: 2.354481 ms  DeleteObjects: 0.545872 ms)

========================================================================
Received Prepare
Registering precompiled user dll's ...
Registered in 0.000809 seconds.
Begin MonoManager ReloadAssembly
Native extension for OSXStandalone target not found
Refreshing native plugins compatible for Editor in 0.28 ms, found 1 plugins.
Preloading 0 native plugins for Editor in 0.00 ms.
Mono: successfully reloaded assembly
- Completed reload, in  1.298 seconds
Platform modules already initialized, skipping
Refreshing native plugins compatible for Editor in 0.25 ms, found 1 plugins.
Preloading 0 native plugins for Editor in 0.00 ms.
Unloading 1157 Unused Serialized files (Serialized files now loaded: 0)
System memory in use before: 119.7 MB.
System memory in use after: 119.1 MB.

Unloading 18 unused Assets to reduce memory usage. Loaded Objects now: 1610.
Total: 4.010943 ms (FindLiveObjects: 0.376384 ms CreateObjectMapping: 0.247263 ms MarkObjects: 2.827893 ms  DeleteObjects: 0.556717 ms)

========================================================================
Received Prepare
Registering precompiled user dll's ...
Registered in 0.000584 seconds.
Begin MonoManager ReloadAssembly
Native extension for OSXStandalone target not found
Refreshing native plugins compatible for Editor in 0.27 ms, found 1 plugins.
Preloading 0 native plugins for Editor in 0.00 ms.
Mono: successfully reloaded assembly
- Completed reload, in  1.252 seconds
Platform modules already initialized, skipping
Refreshing native plugins compatible for Editor in 0.35 ms, found 1 plugins.
Preloading 0 native plugins for Editor in 0.00 ms.
Unloading 1157 Unused Serialized files (Serialized files now loaded: 0)
System memory in use before: 119.9 MB.
System memory in use after: 119.3 MB.

Unloading 18 unused Assets to reduce memory usage. Loaded Objects now: 1613.
Total: 3.083776 ms (FindLiveObjects: 0.298310 ms CreateObjectMapping: 0.065352 ms MarkObjects: 2.153392 ms  DeleteObjects: 0.562750 ms)

========================================================================
Received Prepare
Registering precompiled user dll's ...
Registered in 0.000544 seconds.
Begin MonoManager ReloadAssembly
Native extension for OSXStandalone target not found
Refreshing native plugins compatible for Editor in 0.24 ms, found 1 plugins.
Preloading 0 native plugins for Editor in 0.00 ms.
Mono: successfully reloaded assembly
- Completed reload, in  1.344 seconds
Platform modules already initialized, skipping
Refreshing native plugins compatible for Editor in 0.31 ms, found 1 plugins.
Preloading 0 native plugins for Editor in 0.00 ms.
Unloading 1157 Unused Serialized files (Serialized files now loaded: 0)
System memory in use before: 120.1 MB.
System memory in use after: 119.5 MB.

Unloading 18 unused Assets to reduce memory usage. Loaded Objects now: 1616.
Total: 4.229837 ms (FindLiveObjects: 0.388340 ms CreateObjectMapping: 0.083575 ms MarkObjects: 2.968186 ms  DeleteObjects: 0.787273 ms)

========================================================================
Received Prepare
Registering precompiled user dll's ...
Registered in 0.000782 seconds.
Begin MonoManager ReloadAssembly
Native extension for OSXStandalone target not found
Refreshing native plugins compatible for Editor in 0.33 ms, found 1 plugins.
Preloading 0 native plugins for Editor in 0.00 ms.
Mono: successfully reloaded assembly
- Completed reload, in  1.342 seconds
Platform modules already initialized, skipping
Refreshing native plugins compatible for Editor in 0.27 ms, found 1 plugins.
Preloading 0 native plugins for Editor in 0.00 ms.
Unloading 1157 Unused Serialized files (Serialized files now loaded: 0)
System memory in use before: 120.2 MB.
System memory in use after: 119.6 MB.

Unloading 18 unused Assets to reduce memory usage. Loaded Objects now: 1619.
Total: 3.825207 ms (FindLiveObjects: 0.303016 ms CreateObjectMapping: 0.155598 ms MarkObjects: 2.891324 ms  DeleteObjects: 0.473335 ms)

========================================================================
Received Prepare
Registering precompiled user dll's ...
Registered in 0.000508 seconds.
Begin MonoManager ReloadAssembly
Native extension for OSXStandalone target not found
Refreshing native plugins compatible for Editor in 0.25 ms, found 1 plugins.
Preloading 0 native plugins for Editor in 0.00 ms.
Mono: successfully reloaded assembly
- Completed reload, in  1.314 seconds
Platform modules already initialized, skipping
Refreshing native plugins compatible for Editor in 0.33 ms, found 1 plugins.
Preloading 0 native plugins for Editor in 0.00 ms.
Unloading 1158 Unused Serialized files (Serialized files now loaded: 0)
System memory in use before: 120.4 MB.
System memory in use after: 119.8 MB.

Unloading 18 unused Assets to reduce memory usage. Loaded Objects now: 1623.
Total: 4.529419 ms (FindLiveObjects: 0.410010 ms CreateObjectMapping: 0.078465 ms MarkObjects: 3.160052 ms  DeleteObjects: 0.877861 ms)

========================================================================
Received Import Request.
  Time since last request: 2913.523468 seconds.
  path: Assets/MainMenu.cs
  artifactKey: Guid(6d0b6bb9721314d3abead0e222637ee2) Importer(815301076,1909f56bfc062723c751e8b465ee728b)
Start importing Assets/MainMenu.cs using Guid(6d0b6bb9721314d3abead0e222637ee2) Importer(815301076,1909f56bfc062723c751e8b465ee728b)  -> (artifact id: '5c7570105baccc0f284f4c3ba658b5ca') in 0.647472 seconds
  Import took 0.650651 seconds .

========================================================================
Received Import Request.
  Time since last request: 196.991929 seconds.
  path: Assets/MainMenu.cs
  artifactKey: Guid(6d0b6bb9721314d3abead0e222637ee2) Importer(815301076,1909f56bfc062723c751e8b465ee728b)
Start importing Assets/MainMenu.cs using Guid(6d0b6bb9721314d3abead0e222637ee2) Importer(815301076,1909f56bfc062723c751e8b465ee728b)  -> (artifact id: '3b07f1979414b0bc29bab7ad3d5fa4d9') in 0.003760 seconds
  Import took 0.007992 seconds .

========================================================================
Received Import Request.
  Time since last request: 45.522212 seconds.
  path: Assets
  artifactKey: Guid(00000000000000001000000000000000) Importer(815301076,1909f56bfc062723c751e8b465ee728b)
Start importing Assets using Guid(00000000000000001000000000000000) Importer(815301076,1909f56bfc062723c751e8b465ee728b)  -> (artifact id: '025e4f587c23674256bb898581e82961') in 0.002399 seconds
  Import took 0.005541 seconds .

========================================================================
Received Import Request.
  Time since last request: 0.002681 seconds.
  path: Assets
  artifactKey: Guid(00000000000000001000000000000000) Importer(815301076,1909f56bfc062723c751e8b465ee728b)
Start importing Assets using Guid(00000000000000001000000000000000) Importer(815301076,1909f56bfc062723c751e8b465ee728b)  -> (artifact id: '025e4f587c23674256bb898581e82961') in 0.002060 seconds
  Import took 0.005911 seconds .

========================================================================
Received Import Request.
  Time since last request: 64.509821 seconds.
  path: Assets/GamePlay.unity
  artifactKey: Guid(c27358ca36c1041b5a09876f4c22f1ee) Importer(815301076,1909f56bfc062723c751e8b465ee728b)
Start importing Assets/GamePlay.unity using Guid(c27358ca36c1041b5a09876f4c22f1ee) Importer(815301076,1909f56bfc062723c751e8b465ee728b)  -> (artifact id: 'a11bb8d39556efdfa580bc8b3096b9cc') in 0.019529 seconds
  Import took 0.024597 seconds .

========================================================================
Received Prepare
Registering precompiled user dll's ...
Registered in 0.000796 seconds.
Begin MonoManager ReloadAssembly
Native extension for OSXStandalone target not found
Refreshing native plugins compatible for Editor in 0.24 ms, found 1 plugins.
Preloading 0 native plugins for Editor in 0.00 ms.
Mono: successfully reloaded assembly
- Completed reload, in  1.396 seconds
Platform modules already initialized, skipping
Refreshing native plugins compatible for Editor in 0.31 ms, found 1 plugins.
Preloading 0 native plugins for Editor in 0.00 ms.
Unloading 1158 Unused Serialized files (Serialized files now loaded: 0)
System memory in use before: 124.9 MB.
System memory in use after: 124.3 MB.

Unloading 18 unused Assets to reduce memory usage. Loaded Objects now: 1626.
Total: 2.743145 ms (FindLiveObjects: 0.247587 ms CreateObjectMapping: 0.039725 ms MarkObjects: 1.637593 ms  DeleteObjects: 0.816848 ms)

========================================================================
Received Import Request.
  Time since last request: 152.997894 seconds.
  path: Assets/MainMenu.cs
  artifactKey: Guid(6d0b6bb9721314d3abead0e222637ee2) Importer(815301076,1909f56bfc062723c751e8b465ee728b)
Start importing Assets/MainMenu.cs using Guid(6d0b6bb9721314d3abead0e222637ee2) Importer(815301076,1909f56bfc062723c751e8b465ee728b)  -> (artifact id: '23acb5eb06a7e7732af17d42b42ba4a0') in 0.006589 seconds
  Import took 0.009840 seconds .

========================================================================
Received Prepare
Registering precompiled user dll's ...
Registered in 0.000487 seconds.
Begin MonoManager ReloadAssembly
Native extension for OSXStandalone target not found
Refreshing native plugins compatible for Editor in 0.27 ms, found 1 plugins.
Preloading 0 native plugins for Editor in 0.00 ms.
Mono: successfully reloaded assembly
- Completed reload, in  1.292 seconds
Platform modules already initialized, skipping
Refreshing native plugins compatible for Editor in 0.41 ms, found 1 plugins.
Preloading 0 native plugins for Editor in 0.00 ms.
Unloading 1158 Unused Serialized files (Serialized files now loaded: 0)
System memory in use before: 125.0 MB.
System memory in use after: 124.4 MB.

Unloading 18 unused Assets to reduce memory usage. Loaded Objects now: 1629.
Total: 2.437111 ms (FindLiveObjects: 0.239051 ms CreateObjectMapping: 0.044103 ms MarkObjects: 1.671252 ms  DeleteObjects: 0.469751 ms)

========================================================================
Received Prepare
Registering precompiled user dll's ...
Registered in 0.000483 seconds.
Begin MonoManager ReloadAssembly
Native extension for OSXStandalone target not found
Refreshing native plugins compatible for Editor in 0.26 ms, found 1 plugins.
Preloading 0 native plugins for Editor in 0.00 ms.
Mono: successfully reloaded assembly
- Completed reload, in  1.472 seconds
Platform modules already initialized, skipping
Refreshing native plugins compatible for Editor in 0.24 ms, found 1 plugins.
Preloading 0 native plugins for Editor in 0.00 ms.
Unloading 1158 Unused Serialized files (Serialized files now loaded: 0)
System memory in use before: 125.2 MB.
System memory in use after: 124.6 MB.

Unloading 18 unused Assets to reduce memory usage. Loaded Objects now: 1632.
Total: 3.296807 ms (FindLiveObjects: 0.312032 ms CreateObjectMapping: 0.065412 ms MarkObjects: 2.361317 ms  DeleteObjects: 0.555833 ms)

========================================================================
Received Import Request.
  Time since last request: 242.336178 seconds.
  path: Assets/MainMenu.cs
  artifactKey: Guid(6d0b6bb9721314d3abead0e222637ee2) Importer(815301076,1909f56bfc062723c751e8b465ee728b)
Start importing Assets/MainMenu.cs using Guid(6d0b6bb9721314d3abead0e222637ee2) Importer(815301076,1909f56bfc062723c751e8b465ee728b)  -> (artifact id: '31b98a1ee08273ed931086fb115b7da6') in 0.019538 seconds
  Import took 0.023052 seconds .

========================================================================
Received Prepare
Registering precompiled user dll's ...
Registered in 0.000511 seconds.
Begin MonoManager ReloadAssembly
Native extension for OSXStandalone target not found
Refreshing native plugins compatible for Editor in 0.47 ms, found 1 plugins.
Preloading 0 native plugins for Editor in 0.00 ms.
Mono: successfully reloaded assembly
- Completed reload, in  1.363 seconds
Platform modules already initialized, skipping
Refreshing native plugins compatible for Editor in 0.32 ms, found 1 plugins.
Preloading 0 native plugins for Editor in 0.00 ms.
Unloading 1158 Unused Serialized files (Serialized files now loaded: 0)
System memory in use before: 125.3 MB.
System memory in use after: 124.8 MB.

Unloading 18 unused Assets to reduce memory usage. Loaded Objects now: 1635.
Total: 4.557610 ms (FindLiveObjects: 0.387008 ms CreateObjectMapping: 0.081846 ms MarkObjects: 3.360821 ms  DeleteObjects: 0.725078 ms)

========================================================================
Received Import Request.
  Time since last request: 63.668194 seconds.
  path: Assets/MainMenu.cs
  artifactKey: Guid(6d0b6bb9721314d3abead0e222637ee2) Importer(815301076,1909f56bfc062723c751e8b465ee728b)
Start importing Assets/MainMenu.cs using Guid(6d0b6bb9721314d3abead0e222637ee2) Importer(815301076,1909f56bfc062723c751e8b465ee728b)  -> (artifact id: 'c293c0cc8cdccc34ef8cee3ef0c110fb') in 0.008076 seconds
  Import took 0.011890 seconds .

========================================================================
Received Prepare
Registering precompiled user dll's ...
Registered in 0.000530 seconds.
Begin MonoManager ReloadAssembly
Native extension for OSXStandalone target not found
Refreshing native plugins compatible for Editor in 0.25 ms, found 1 plugins.
Preloading 0 native plugins for Editor in 0.00 ms.
Mono: successfully reloaded assembly
- Completed reload, in  1.307 seconds
Platform modules already initialized, skipping
Refreshing native plugins compatible for Editor in 0.24 ms, found 1 plugins.
Preloading 0 native plugins for Editor in 0.00 ms.
Unloading 1158 Unused Serialized files (Serialized files now loaded: 0)
System memory in use before: 125.5 MB.
System memory in use after: 124.9 MB.

Unloading 18 unused Assets to reduce memory usage. Loaded Objects now: 1638.
Total: 3.272619 ms (FindLiveObjects: 0.324812 ms CreateObjectMapping: 0.066210 ms MarkObjects: 2.295163 ms  DeleteObjects: 0.567462 ms)

========================================================================
Received Prepare
Registering precompiled user dll's ...
Registered in 0.001868 seconds.
Begin MonoManager ReloadAssembly
Native extension for OSXStandalone target not found
Refreshing native plugins compatible for Editor in 0.33 ms, found 1 plugins.
Preloading 0 native plugins for Editor in 0.00 ms.
Mono: successfully reloaded assembly
- Completed reload, in  1.271 seconds
Platform modules already initialized, skipping
Refreshing native plugins compatible for Editor in 0.26 ms, found 1 plugins.
Preloading 0 native plugins for Editor in 0.00 ms.
Unloading 1158 Unused Serialized files (Serialized files now loaded: 0)
System memory in use before: 125.7 MB.
System memory in use after: 125.1 MB.

Unloading 18 unused Assets to reduce memory usage. Loaded Objects now: 1641.
Total: 3.248705 ms (FindLiveObjects: 0.333455 ms CreateObjectMapping: 0.067870 ms MarkObjects: 2.257223 ms  DeleteObjects: 0.588290 ms)

