Using pre-set license
Built from '2020.3/staging' branch; Version is '2020.3.4f1 (0abb6314276a) revision 703331'; Using compiler version '192528614'; Build Type 'Release'
OS: 'Windows 10 Pro; OS build 19042.928; Version 2009; 64bit' Language: 'en' Physical Memory: 16287 MB
BatchMode: 1, IsHumanControllingUs: 0, StartBugReporterOnCrash: 0, Is64bit: 1, IsPro: 0

 COMMAND LINE ARGUMENTS:
C:\Program Files\Unity\Hub\Editor\2020.3.4f1\Editor\Unity.exe
-adb2
-batchMode
-noUpm
-name
AssetImportWorker0
-projectPath
C:/Users/Vinny/Documents/Tale-Of-Woodfield
-logFile
Logs/AssetImportWorker0.log
-srvPort
54351
Successfully changed project path to: C:/Users/Vinny/Documents/Tale-Of-Woodfield
C:/Users/Vinny/Documents/Tale-Of-Woodfield
Using Asset Import Pipeline V2.
Refreshing native plugins compatible for Editor in 42.46 ms, found 1 plugins.
Preloading 0 native plugins for Editor in 0.00 ms.
Initialize engine version: 2020.3.4f1 (0abb6314276a)
[Subsystems] Discovering subsystems at path C:/Program Files/Unity/Hub/Editor/2020.3.4f1/Editor/Data/Resources/UnitySubsystems
[Subsystems] Discovering subsystems at path C:/Users/Vinny/Documents/Tale-Of-Woodfield/Assets
GfxDevice: creating device client; threaded=0
Direct3D:
    Version:  Direct3D 11.0 [level 11.1]
    Renderer: AMD Radeon RX 5700 XT (ID=0x731f)
    Vendor:   
    VRAM:     8151 MB
    Driver:   27.20.21002.112
Initialize mono
Mono path[0] = 'C:/Program Files/Unity/Hub/Editor/2020.3.4f1/Editor/Data/Managed'
Mono path[1] = 'C:/Program Files/Unity/Hub/Editor/2020.3.4f1/Editor/Data/MonoBleedingEdge/lib/mono/unityjit'
Mono config path = 'C:/Program Files/Unity/Hub/Editor/2020.3.4f1/Editor/Data/MonoBleedingEdge/etc'
Using monoOptions --debugger-agent=transport=dt_socket,embedding=1,server=y,suspend=n,address=127.0.0.1:56868
Begin MonoManager ReloadAssembly
Registering precompiled unity dll's ...
Register platform support module: C:/Program Files/Unity/Hub/Editor/2020.3.4f1/Editor/Data/PlaybackEngines/WindowsStandaloneSupport/UnityEditor.WindowsStandalone.Extensions.dll
Registered in 0.001999 seconds.
Native extension for WindowsStandalone target not found
Refreshing native plugins compatible for Editor in 42.62 ms, found 1 plugins.
Preloading 0 native plugins for Editor in 0.00 ms.
Mono: successfully reloaded assembly
- Completed reload, in  0.910 seconds
Platform modules already initialized, skipping
Registering precompiled user dll's ...
Registered in 0.001127 seconds.
Begin MonoManager ReloadAssembly
Native extension for WindowsStandalone target not found
Refreshing native plugins compatible for Editor in 44.29 ms, found 1 plugins.
Preloading 0 native plugins for Editor in 0.00 ms.
Mono: successfully reloaded assembly
- Completed reload, in  0.821 seconds
Platform modules already initialized, skipping
========================================================================
Worker process is ready to serve import requests
Launched and connected shader compiler UnityShaderCompiler.exe after 0.04 seconds
Refreshing native plugins compatible for Editor in 0.59 ms, found 1 plugins.
Preloading 0 native plugins for Editor in 0.00 ms.
Unloading 2042 Unused Serialized files (Serialized files now loaded: 0)
System memory in use before: 94.5 MB.
System memory in use after: 94.6 MB.

Unloading 20 unused Assets to reduce memory usage. Loaded Objects now: 2490.
Total: 1.995300 ms (FindLiveObjects: 0.306100 ms CreateObjectMapping: 0.049400 ms MarkObjects: 1.577300 ms  DeleteObjects: 0.061400 ms)

========================================================================
Received Import Request.
  path: Assets/player_enemy/Enemy/bullet.prefab
  artifactKey: Guid(70163fb6d8917274cac183d43e07d0ae) Importer(815301076,1909f56bfc062723c751e8b465ee728b)
Start importing Assets/player_enemy/Enemy/bullet.prefab using Guid(70163fb6d8917274cac183d43e07d0ae) Importer(815301076,1909f56bfc062723c751e8b465ee728b)  -> (artifact id: 'fc634329764a4d8ae4a112083473869e') in 0.089148 seconds
  Import took 0.092627 seconds .

========================================================================
Received Prepare
Registering precompiled user dll's ...
Registered in 0.001406 seconds.
Begin MonoManager ReloadAssembly
Native extension for WindowsStandalone target not found
Refreshing native plugins compatible for Editor in 0.54 ms, found 1 plugins.
Preloading 0 native plugins for Editor in 0.00 ms.
Mono: successfully reloaded assembly
- Completed reload, in  0.742 seconds
Platform modules already initialized, skipping
Refreshing native plugins compatible for Editor in 0.52 ms, found 1 plugins.
Preloading 0 native plugins for Editor in 0.00 ms.
Unloading 2015 Unused Serialized files (Serialized files now loaded: 0)
System memory in use before: 95.4 MB.
System memory in use after: 95.5 MB.

Unloading 9 unused Assets to reduce memory usage. Loaded Objects now: 2500.
Total: 2.065800 ms (FindLiveObjects: 0.245300 ms CreateObjectMapping: 0.047800 ms MarkObjects: 1.756400 ms  DeleteObjects: 0.015100 ms)

========================================================================
Received Import Request.
  Time since last request: 56.385176 seconds.
  path: Assets/player_enemy/Enemy/Trunk.prefab
  artifactKey: Guid(e61fe00d63893e441afd65842402f0fc) Importer(815301076,1909f56bfc062723c751e8b465ee728b)
Start importing Assets/player_enemy/Enemy/Trunk.prefab using Guid(e61fe00d63893e441afd65842402f0fc) Importer(815301076,1909f56bfc062723c751e8b465ee728b)  -> (artifact id: 'a500f754f371d35e2b725532753ca012') in 0.048234 seconds
  Import took 0.051717 seconds .

========================================================================
Received Prepare
Registering precompiled user dll's ...
Registered in 0.001236 seconds.
Begin MonoManager ReloadAssembly
Native extension for WindowsStandalone target not found
Refreshing native plugins compatible for Editor in 0.57 ms, found 1 plugins.
Preloading 0 native plugins for Editor in 0.00 ms.
Mono: successfully reloaded assembly
- Completed reload, in  0.710 seconds
Platform modules already initialized, skipping
Refreshing native plugins compatible for Editor in 0.51 ms, found 1 plugins.
Preloading 0 native plugins for Editor in 0.00 ms.
Unloading 2015 Unused Serialized files (Serialized files now loaded: 0)
System memory in use before: 95.4 MB.
System memory in use after: 95.5 MB.

Unloading 9 unused Assets to reduce memory usage. Loaded Objects now: 2504.
Total: 2.144400 ms (FindLiveObjects: 0.286400 ms CreateObjectMapping: 0.060000 ms MarkObjects: 1.777600 ms  DeleteObjects: 0.019200 ms)

